1655700509705	geckodriver	INFO	Listening on 127.0.0.1:37465
1655700509713	mozrunner::runner	INFO	Running command: "/usr/bin/firefox" "--marionette" "--headless" "--remote-debugging-port" "49087" "--remote-allow-hosts" "localhost" "-no-remote" "-profile" "/tmp/rust_mozprofile7qBeEz"
*** You are running in headless mode.
[GFX1-]: glxtest: Unable to open a connection to the X server
[GFX1-]: glxtest: libEGL missing
1655700510041	Marionette	INFO	Marionette enabled
WebDriver BiDi listening on ws://localhost:49087
[GFX1-]: RenderCompositorSWGL failed mapping default framebuffer, no dt
console.warn: SearchSettings: "get: No settings file exists, new profile?" (new NotFoundError("Could not open the file at /tmp/rust_mozprofile7qBeEz/search.json.mozlz4", (void 0)))
Missing chrome or resource URL: resource://gre/modules/UpdateListener.jsm
1655700511918	Marionette	INFO	Listening on port 46529
DevTools listening on ws://localhost:49087/devtools/browser/399b1941-e44c-4564-bb98-1e19fd125fd9
Read port: 46529
1655700512033	RemoteAgent	WARN	TLS certificate errors will be ignored for this session
1655700630709	geckodriver	INFO	Listening on 127.0.0.1:54501
1655700630716	mozrunner::runner	INFO	Running command: "/usr/bin/firefox" "--marionette" "--headless" "--remote-debugging-port" "59259" "--remote-allow-hosts" "localhost" "-no-remote" "-profile" "/tmp/rust_mozprofile2BK5Dc"
*** You are running in headless mode.
[GFX1-]: glxtest: Unable to open a connection to the X server
[GFX1-]: glxtest: libEGL missing
1655700631173	Marionette	INFO	Marionette enabled
WebDriver BiDi listening on ws://localhost:59259
[GFX1-]: RenderCompositorSWGL failed mapping default framebuffer, no dt
console.warn: SearchSettings: "get: No settings file exists, new profile?" (new NotFoundError("Could not open the file at /tmp/rust_mozprofile2BK5Dc/search.json.mozlz4", (void 0)))
Missing chrome or resource URL: resource://gre/modules/UpdateListener.jsm
1655700633049	Marionette	INFO	Listening on port 38803
Read port: 38803
1655700633157	RemoteAgent	WARN	TLS certificate errors will be ignored for this session
DevTools listening on ws://localhost:59259/devtools/browser/a7468b0f-c114-4e3a-97cb-ec015cb9046d
console.warn: LoginRecipes: "getRecipes: falling back to a synchronous message for:" "https://learn.techwise.talentsprint.com"
console.warn: LoginRecipes: "getRecipes: falling back to a synchronous message for:" "https://learn.techwise.talentsprint.com"
JavaScript error: resource://gre/modules/LoginManagerParent.jsm, line 136: TypeError: gRecipeManager is null
JavaScript error: https://us06st2.zoom.us/static/6.1.7042/js/app/webclient/preview/media-previewer.min.js line 96 > srcScript, line 1: TypeError: 'camera' (value of 'name' member of PermissionDescriptor) is not a valid value for enumeration PermissionName.
JavaScript error: https://us06st2.zoom.us/static/6.1.7042/js/app/webclient/preview/media-previewer.min.js line 96 > srcScript, line 1: TypeError: 'microphone' (value of 'name' member of PermissionDescriptor) is not a valid value for enumeration PermissionName.
console.warn: LoginRecipes: "getRecipes: falling back to a synchronous message for:" "https://talentsprint.zoom.us"
JavaScript error: resource://gre/modules/LoginManagerParent.jsm, line 136: TypeError: gRecipeManager is null
Exiting due to channel error.
Exiting due to channel error.
Exiting due to channel error.
1655700770795	geckodriver	INFO	Listening on 127.0.0.1:51991
1655700770801	mozrunner::runner	INFO	Running command: "/usr/bin/firefox" "--marionette" "--headless" "--remote-debugging-port" "48169" "--remote-allow-hosts" "localhost" "-no-remote" "-profile" "/tmp/rust_mozprofile2FYPuT"
*** You are running in headless mode.
[GFX1-]: glxtest: Unable to open a connection to the X server
[GFX1-]: glxtest: libEGL missing
1655700771115	Marionette	INFO	Marionette enabled
WebDriver BiDi listening on ws://localhost:48169
[GFX1-]: RenderCompositorSWGL failed mapping default framebuffer, no dt
console.warn: SearchSettings: "get: No settings file exists, new profile?" (new NotFoundError("Could not open the file at /tmp/rust_mozprofile2FYPuT/search.json.mozlz4", (void 0)))
Missing chrome or resource URL: resource://gre/modules/UpdateListener.jsm
1655700772996	Marionette	INFO	Listening on port 35881
Read port: 35881
1655700773031	RemoteAgent	WARN	TLS certificate errors will be ignored for this session
DevTools listening on ws://localhost:48169/devtools/browser/1a8f4073-b04b-4333-87c9-a347d0ffe80b
JavaScript error: https://st2.zoom.us/static/6.1.7042/js/app/webclient/preview/media-previewer.min.js line 96 > srcScript, line 1: TypeError: 'camera' (value of 'name' member of PermissionDescriptor) is not a valid value for enumeration PermissionName.
JavaScript error: https://st2.zoom.us/static/6.1.7042/js/app/webclient/preview/media-previewer.min.js line 96 > srcScript, line 1: TypeError: 'microphone' (value of 'name' member of PermissionDescriptor) is not a valid value for enumeration PermissionName.
Exiting due to channel error.
Exiting due to channel error.
Exiting due to channel error.
1655701552916	geckodriver	INFO	Listening on 127.0.0.1:32969
1655701552920	mozrunner::runner	INFO	Running command: "/usr/bin/firefox" "--marionette" "--headless" "--remote-debugging-port" "51141" "--remote-allow-hosts" "localhost" "-no-remote" "-profile" "/tmp/rust_mozprofileoY243R"
*** You are running in headless mode.
[GFX1-]: glxtest: Unable to open a connection to the X server
[GFX1-]: glxtest: libEGL missing
1655701553356	Marionette	INFO	Marionette enabled
WebDriver BiDi listening on ws://localhost:51141
[GFX1-]: RenderCompositorSWGL failed mapping default framebuffer, no dt
console.warn: SearchSettings: "get: No settings file exists, new profile?" (new NotFoundError("Could not open the file at /tmp/rust_mozprofileoY243R/search.json.mozlz4", (void 0)))
Missing chrome or resource URL: resource://gre/modules/UpdateListener.jsm
1655701555322	Marionette	INFO	Listening on port 45215
Read port: 45215
1655701555353	RemoteAgent	WARN	TLS certificate errors will be ignored for this session
DevTools listening on ws://localhost:51141/devtools/browser/9e7a37d9-b4af-4962-8578-e8093aca8082
JavaScript error: https://st2.zoom.us/static/6.1.7042/js/app/webclient/preview/media-previewer.min.js line 96 > srcScript, line 1: TypeError: 'camera' (value of 'name' member of PermissionDescriptor) is not a valid value for enumeration PermissionName.
JavaScript error: https://st2.zoom.us/static/6.1.7042/js/app/webclient/preview/media-previewer.min.js line 96 > srcScript, line 1: TypeError: 'microphone' (value of 'name' member of PermissionDescriptor) is not a valid value for enumeration PermissionName.
1655701633895	Marionette	INFO	Stopped listening on port 45215
Missing chrome or resource URL: resource://gre/modules/UpdateListener.jsm
console.error: "Error during quit-application-granted: [Exception... \"File error: Not found\"  nsresult: \"0x80520012 (NS_ERROR_FILE_NOT_FOUND)\"  location: \"JS frame :: resource:///modules/BrowserGlue.jsm :: _onQuitApplicationGranted/tasks< :: line 1969\"  data: no]"

###!!! [Parent][PBackgroundParent] Error: RunMessage(msgname=PBackgroundIDBDatabase::Msg_Close) Channel closing: too late to send/recv, messages will be lost


###!!! [Parent][PBackgroundParent] Error: RunMessage(msgname=PBackgroundIDBDatabase::Msg_Close) Channel closing: too late to send/recv, messages will be lost


###!!! [Parent][PBackgroundParent] Error: RunMessage(msgname=PBackgroundIDBDatabase::Msg_Close) Channel closing: too late to send/recv, messages will be lost


###!!! [Parent][PBackgroundParent] Error: RunMessage(msgname=PBackgroundIDBDatabase::Msg_Close) Channel closing: too late to send/recv, messages will be lost


###!!! [Parent][PBackgroundParent] Error: RunMessage(msgname=PBackgroundIDBDatabase::Msg_Close) Channel closing: too late to send/recv, messages will be lost


###!!! [Parent][PContentParent] Error: Send(msgname=PContent::Msg_DestroyBrowsingContextGroup) Closed channel: cannot send/recv


###!!! [Child][PContentChild] Error: Send(msgname=PBrowser::Msg___delete__) Channel closing: too late to send/recv, messages will be lost


###!!! [Child][PContentChild] Error: Send(msgname=PContent::Msg_ScriptError) Channel closing: too late to send/recv, messages will be lost


###!!! [Child][PContentChild] Error: Send(msgname=PWebSocket::Msg_DeleteSelf) Channel closing: too late to send/recv, messages will be lost


###!!! [Child][PContentChild] Error: RunMessage(msgname=PWebSocket::Msg___delete__) Channel closing: too late to send/recv, messages will be lost


###!!! [Child][PContentChild] Error: RunMessage(msgname=PWebSocket::Msg___delete__) Channel closing: too late to send/recv, messages will be lost


###!!! [Child][PContentChild] Error: RunMessage(msgname=PWebSocket::Msg___delete__) Channel closing: too late to send/recv, messages will be lost


###!!! [Child][PContentChild] Error: RunMessage(msgname=PWebSocket::Msg___delete__) Channel closing: too late to send/recv, messages will be lost


###!!! [Child][PContentChild] Error: RunMessage(msgname=PWebSocket::Msg___delete__) Channel closing: too late to send/recv, messages will be lost


###!!! [Child][PContentChild] Error: RunMessage(msgname=PWebSocket::Msg___delete__) Channel closing: too late to send/recv, messages will be lost

1655701812375	geckodriver	INFO	Listening on 127.0.0.1:57515
1655701812379	mozrunner::runner	INFO	Running command: "/usr/bin/firefox" "--marionette" "--headless" "--remote-debugging-port" "43057" "--remote-allow-hosts" "localhost" "-no-remote" "-profile" "/tmp/rust_mozprofileNv7V6T"
*** You are running in headless mode.
[GFX1-]: glxtest: Unable to open a connection to the X server
[GFX1-]: glxtest: libEGL missing
1655701812745	Marionette	INFO	Marionette enabled
WebDriver BiDi listening on ws://localhost:43057
[GFX1-]: RenderCompositorSWGL failed mapping default framebuffer, no dt
console.warn: SearchSettings: "get: No settings file exists, new profile?" (new NotFoundError("Could not open the file at /tmp/rust_mozprofileNv7V6T/search.json.mozlz4", (void 0)))
Missing chrome or resource URL: resource://gre/modules/UpdateListener.jsm
1655701814508	Marionette	INFO	Listening on port 33095
Read port: 33095
1655701814610	RemoteAgent	WARN	TLS certificate errors will be ignored for this session
DevTools listening on ws://localhost:43057/devtools/browser/23f96e57-f1e4-4a52-9f92-33dac8c42c37
JavaScript error: https://st2.zoom.us/static/6.1.7042/js/app/webclient/preview/media-previewer.min.js line 96 > srcScript, line 1: TypeError: 'camera' (value of 'name' member of PermissionDescriptor) is not a valid value for enumeration PermissionName.
JavaScript error: https://st2.zoom.us/static/6.1.7042/js/app/webclient/preview/media-previewer.min.js line 96 > srcScript, line 1: TypeError: 'microphone' (value of 'name' member of PermissionDescriptor) is not a valid value for enumeration PermissionName.
1655701887275	Marionette	INFO	Stopped listening on port 33095
Missing chrome or resource URL: resource://gre/modules/UpdateListener.jsm
console.error: "Error during quit-application-granted: [Exception... \"File error: Not found\"  nsresult: \"0x80520012 (NS_ERROR_FILE_NOT_FOUND)\"  location: \"JS frame :: resource:///modules/BrowserGlue.jsm :: _onQuitApplicationGranted/tasks< :: line 1969\"  data: no]"

###!!! [Parent][PBackgroundParent] Error: RunMessage(msgname=PBackgroundIDBDatabase::Msg_Close) Channel closing: too late to send/recv, messages will be lost


###!!! [Parent][PBackgroundParent] Error: RunMessage(msgname=PBackgroundIDBDatabase::Msg_Close) Channel closing: too late to send/recv, messages will be lost


###!!! [Parent][PBackgroundParent] Error: RunMessage(msgname=PBackgroundIDBDatabase::Msg_Close) Channel closing: too late to send/recv, messages will be lost


###!!! [Parent][PBackgroundParent] Error: RunMessage(msgname=PBackgroundIDBDatabase::Msg_Close) Channel closing: too late to send/recv, messages will be lost


###!!! [Parent][PContentParent] Error: Send(msgname=PContent::Msg_DestroyBrowsingContextGroup) Closed channel: cannot send/recv


###!!! [Child][PContentChild] Error: Send(msgname=PBrowser::Msg___delete__) Channel closing: too late to send/recv, messages will be lost


###!!! [Child][PContentChild] Error: Send(msgname=PContent::Msg_ScriptError) Channel closing: too late to send/recv, messages will be lost


###!!! [Child][PContentChild] Error: Send(msgname=PWebSocket::Msg_DeleteSelf) Channel closing: too late to send/recv, messages will be lost


###!!! [Child][PContentChild] Error: RunMessage(msgname=PWebSocket::Msg___delete__) Channel closing: too late to send/recv, messages will be lost


###!!! [Child][PContentChild] Error: RunMessage(msgname=PWebSocket::Msg___delete__) Channel closing: too late to send/recv, messages will be lost


###!!! [Child][PContentChild] Error: RunMessage(msgname=PWebSocket::Msg___delete__) Channel closing: too late to send/recv, messages will be lost


###!!! [Child][PContentChild] Error: RunMessage(msgname=PWebSocket::Msg___delete__) Channel closing: too late to send/recv, messages will be lost


###!!! [Child][PContentChild] Error: RunMessage(msgname=PWebSocket::Msg___delete__) Channel closing: too late to send/recv, messages will be lost


###!!! [Child][PContentChild] Error: RunMessage(msgname=PWebSocket::Msg___delete__) Channel closing: too late to send/recv, messages will be lost


###!!! [Parent][PImageBridgeParent] Error: RunMessage(msgname=PImageBridge::Msg_WillClose) Channel closing: too late to send/recv, messages will be lost

