1655615582042	geckodriver	INFO	Listening on 127.0.0.1:57791
1655615582046	mozrunner::runner	INFO	Running command: "/usr/bin/firefox" "--marionette" "--remote-debugging-port" "41879" "--remote-allow-hosts" "localhost" "-no-remote" "-profile" "/tmp/rust_mozprofileVyhIra"
Error: no DISPLAY environment variable specified
1655615651785	geckodriver	INFO	Listening on 127.0.0.1:57633
1655615651789	mozrunner::runner	INFO	Running command: "/usr/bin/firefox" "--marionette" "--remote-debugging-port" "36029" "--remote-allow-hosts" "localhost" "-no-remote" "-profile" "/tmp/rust_mozprofilebhNBF9"
Error: no DISPLAY environment variable specified
1655616014712	geckodriver	INFO	Listening on 127.0.0.1:40113
1655616014716	mozrunner::runner	INFO	Running command: "/usr/bin/firefox" "--marionette" "--remote-debugging-port" "40965" "--remote-allow-hosts" "localhost" "-no-remote" "-profile" "/tmp/rust_mozprofile9Tg63P"
Error: no DISPLAY environment variable specified
1655617334499	geckodriver	INFO	Listening on 127.0.0.1:49627
1655617334503	mozrunner::runner	INFO	Running command: "/usr/bin/firefox" "--marionette" "--remote-debugging-port" "35609" "--remote-allow-hosts" "localhost" "-no-remote" "-profile" "/tmp/rust_mozprofileVfG4rH"
Error: no DISPLAY environment variable specified
1655617590736	geckodriver	INFO	Listening on 127.0.0.1:36303
1655617590740	mozrunner::runner	INFO	Running command: "/usr/bin/firefox" "--marionette" "--headless" "--remote-debugging-port" "55415" "--remote-allow-hosts" "localhost" "-no-remote" "-profile" "/tmp/rust_mozprofilepkt9nw"
*** You are running in headless mode.
[GFX1-]: glxtest: Unable to open a connection to the X server
[GFX1-]: glxtest: libEGL missing
1655617591087	Marionette	INFO	Marionette enabled
WebDriver BiDi listening on ws://localhost:55415
[GFX1-]: RenderCompositorSWGL failed mapping default framebuffer, no dt
console.warn: SearchSettings: "get: No settings file exists, new profile?" (new NotFoundError("Could not open the file at /tmp/rust_mozprofilepkt9nw/search.json.mozlz4", (void 0)))
Missing chrome or resource URL: resource://gre/modules/UpdateListener.jsm
1655617592603	Marionette	INFO	Listening on port 46149
DevTools listening on ws://localhost:55415/devtools/browser/3fde9333-a48d-4de2-91c0-4c96b1e4e0f6
Read port: 46149
1655617592658	RemoteAgent	WARN	TLS certificate errors will be ignored for this session
1655617624144	geckodriver	INFO	Listening on 127.0.0.1:45409
1655617624148	mozrunner::runner	INFO	Running command: "/usr/bin/firefox" "--marionette" "--headless" "--remote-debugging-port" "52871" "--remote-allow-hosts" "localhost" "-no-remote" "-profile" "/tmp/rust_mozprofilerpi180"
*** You are running in headless mode.
[GFX1-]: glxtest: Unable to open a connection to the X server
[GFX1-]: glxtest: libEGL missing
1655617624404	Marionette	INFO	Marionette enabled
WebDriver BiDi listening on ws://localhost:52871
[GFX1-]: RenderCompositorSWGL failed mapping default framebuffer, no dt
console.warn: SearchSettings: "get: No settings file exists, new profile?" (new NotFoundError("Could not open the file at /tmp/rust_mozprofilerpi180/search.json.mozlz4", (void 0)))
Missing chrome or resource URL: resource://gre/modules/UpdateListener.jsm
1655617625883	Marionette	INFO	Listening on port 40133
DevTools listening on ws://localhost:52871/devtools/browser/7622d141-f082-4fec-bc83-a94ea8fea128
Read port: 40133
1655617625970	RemoteAgent	WARN	TLS certificate errors will be ignored for this session
1655618253612	geckodriver	INFO	Listening on 127.0.0.1:44693
1655618253615	mozrunner::runner	INFO	Running command: "/usr/bin/firefox" "--marionette" "--headless" "--remote-debugging-port" "57735" "--remote-allow-hosts" "localhost" "-no-remote" "-profile" "/tmp/rust_mozprofileMAg6ui"
*** You are running in headless mode.
[GFX1-]: glxtest: Unable to open a connection to the X server
[GFX1-]: glxtest: libEGL missing
1655618253870	Marionette	INFO	Marionette enabled
WebDriver BiDi listening on ws://localhost:57735
[GFX1-]: RenderCompositorSWGL failed mapping default framebuffer, no dt
console.warn: SearchSettings: "get: No settings file exists, new profile?" (new NotFoundError("Could not open the file at /tmp/rust_mozprofileMAg6ui/search.json.mozlz4", (void 0)))
Missing chrome or resource URL: resource://gre/modules/UpdateListener.jsm
1655618255539	Marionette	INFO	Listening on port 45101
DevTools listening on ws://localhost:57735/devtools/browser/a3923bee-f5a7-4f5d-87a4-574e1286f213
Read port: 45101
1655618255643	RemoteAgent	WARN	TLS certificate errors will be ignored for this session
1655686077784	geckodriver	INFO	Listening on 127.0.0.1:38315
1655686077787	mozrunner::runner	INFO	Running command: "/usr/bin/firefox" "--marionette" "--headless" "--remote-debugging-port" "37495" "--remote-allow-hosts" "localhost" "-no-remote" "-profile" "/tmp/rust_mozprofiledrimV6"
*** You are running in headless mode.
[GFX1-]: glxtest: Unable to open a connection to the X server
[GFX1-]: glxtest: libEGL missing
1655686078005	Marionette	INFO	Marionette enabled
WebDriver BiDi listening on ws://localhost:37495
[GFX1-]: RenderCompositorSWGL failed mapping default framebuffer, no dt
console.warn: SearchSettings: "get: No settings file exists, new profile?" (new NotFoundError("Could not open the file at /tmp/rust_mozprofiledrimV6/search.json.mozlz4", (void 0)))
Missing chrome or resource URL: resource://gre/modules/UpdateListener.jsm
1655686079155	Marionette	INFO	Listening on port 45863
DevTools listening on ws://localhost:37495/devtools/browser/5c3621cf-75f1-46f6-a384-580f46e992e3
Read port: 45863
1655686079210	RemoteAgent	WARN	TLS certificate errors will be ignored for this session
Exiting due to channel error.
Exiting due to channel error.
Exiting due to channel error.
1655686323490	geckodriver	INFO	Listening on 127.0.0.1:51631
1655686323493	mozrunner::runner	INFO	Running command: "/usr/bin/firefox" "--marionette" "--headless" "--remote-debugging-port" "41911" "--remote-allow-hosts" "localhost" "-no-remote" "-profile" "/tmp/rust_mozprofilem9sWdS"
*** You are running in headless mode.
[GFX1-]: glxtest: Unable to open a connection to the X server
[GFX1-]: glxtest: libEGL missing
1655686323715	Marionette	INFO	Marionette enabled
WebDriver BiDi listening on ws://localhost:41911
[GFX1-]: RenderCompositorSWGL failed mapping default framebuffer, no dt
console.warn: SearchSettings: "get: No settings file exists, new profile?" (new NotFoundError("Could not open the file at /tmp/rust_mozprofilem9sWdS/search.json.mozlz4", (void 0)))
Missing chrome or resource URL: resource://gre/modules/UpdateListener.jsm
1655686324814	Marionette	INFO	Listening on port 33431
DevTools listening on ws://localhost:41911/devtools/browser/e8da2663-a720-4e3c-a1c0-1d8c26d7edc2
Read port: 33431
1655686324907	RemoteAgent	WARN	TLS certificate errors will be ignored for this session
1655686358069	geckodriver	INFO	Listening on 127.0.0.1:36855
1655686358073	mozrunner::runner	INFO	Running command: "/usr/bin/firefox" "--marionette" "--headless" "--remote-debugging-port" "59849" "--remote-allow-hosts" "localhost" "-no-remote" "-profile" "/tmp/rust_mozprofileehz8lB"
*** You are running in headless mode.
[GFX1-]: glxtest: Unable to open a connection to the X server
[GFX1-]: glxtest: libEGL missing
1655686358302	Marionette	INFO	Marionette enabled
WebDriver BiDi listening on ws://localhost:59849
[GFX1-]: RenderCompositorSWGL failed mapping default framebuffer, no dt
console.warn: SearchSettings: "get: No settings file exists, new profile?" (new NotFoundError("Could not open the file at /tmp/rust_mozprofileehz8lB/search.json.mozlz4", (void 0)))
Missing chrome or resource URL: resource://gre/modules/UpdateListener.jsm
1655686359525	Marionette	INFO	Listening on port 35185
DevTools listening on ws://localhost:59849/devtools/browser/e70a22a8-0f55-4bad-a893-399fb1cca1ec
Read port: 35185
1655686359588	RemoteAgent	WARN	TLS certificate errors will be ignored for this session
console.warn: LoginRecipes: "getRecipes: falling back to a synchronous message for:" "https://learn.techwise.talentsprint.com"
console.warn: LoginRecipes: "getRecipes: falling back to a synchronous message for:" "https://learn.techwise.talentsprint.com"
JavaScript error: resource://gre/modules/LoginManagerParent.jsm, line 136: TypeError: gRecipeManager is null
1655686881382	geckodriver	INFO	Listening on 127.0.0.1:35133
1655686881385	mozrunner::runner	INFO	Running command: "/usr/bin/firefox" "--marionette" "--headless" "--remote-debugging-port" "40589" "--remote-allow-hosts" "localhost" "-no-remote" "-profile" "/tmp/rust_mozprofile6wrswe"
*** You are running in headless mode.
[GFX1-]: glxtest: Unable to open a connection to the X server
[GFX1-]: glxtest: libEGL missing
1655686881621	Marionette	INFO	Marionette enabled
WebDriver BiDi listening on ws://localhost:40589
[GFX1-]: RenderCompositorSWGL failed mapping default framebuffer, no dt
console.warn: SearchSettings: "get: No settings file exists, new profile?" (new NotFoundError("Could not open the file at /tmp/rust_mozprofile6wrswe/search.json.mozlz4", (void 0)))
Missing chrome or resource URL: resource://gre/modules/UpdateListener.jsm
1655686882802	Marionette	INFO	Listening on port 43871
DevTools listening on ws://localhost:40589/devtools/browser/4f0badee-6fae-4a75-9142-56c718baca8b
Read port: 43871
1655686882901	RemoteAgent	WARN	TLS certificate errors will be ignored for this session
console.warn: LoginRecipes: "getRecipes: falling back to a synchronous message for:" "https://learn.techwise.talentsprint.com"
console.warn: LoginRecipes: "getRecipes: falling back to a synchronous message for:" "https://learn.techwise.talentsprint.com"
JavaScript error: resource://gre/modules/LoginManagerParent.jsm, line 136: TypeError: gRecipeManager is null
1655688094326	geckodriver	INFO	Listening on 127.0.0.1:43219
1655688094330	mozrunner::runner	INFO	Running command: "/usr/bin/firefox" "--marionette" "--headless" "--remote-debugging-port" "46295" "--remote-allow-hosts" "localhost" "-no-remote" "-profile" "/tmp/rust_mozprofileNWdoIi"
*** You are running in headless mode.
[GFX1-]: glxtest: Unable to open a connection to the X server
[GFX1-]: glxtest: libEGL missing
1655688094559	Marionette	INFO	Marionette enabled
WebDriver BiDi listening on ws://localhost:46295
[GFX1-]: RenderCompositorSWGL failed mapping default framebuffer, no dt
console.warn: SearchSettings: "get: No settings file exists, new profile?" (new NotFoundError("Could not open the file at /tmp/rust_mozprofileNWdoIi/search.json.mozlz4", (void 0)))
Missing chrome or resource URL: resource://gre/modules/UpdateListener.jsm
1655688095658	Marionette	INFO	Listening on port 35827
DevTools listening on ws://localhost:46295/devtools/browser/f2e04b87-25bb-4627-8285-29e5cc54c8fe
Read port: 35827
1655688095755	RemoteAgent	WARN	TLS certificate errors will be ignored for this session
console.warn: LoginRecipes: "getRecipes: falling back to a synchronous message for:" "https://learn.techwise.talentsprint.com"
console.warn: LoginRecipes: "getRecipes: falling back to a synchronous message for:" "https://learn.techwise.talentsprint.com"
JavaScript error: resource://gre/modules/LoginManagerParent.jsm, line 136: TypeError: gRecipeManager is null
1655688351258	geckodriver	INFO	Listening on 127.0.0.1:57533
1655688351261	mozrunner::runner	INFO	Running command: "/usr/bin/firefox" "--marionette" "--headless" "--remote-debugging-port" "42219" "--remote-allow-hosts" "localhost" "-no-remote" "-profile" "/tmp/rust_mozprofileZCPmVu"
*** You are running in headless mode.
[GFX1-]: glxtest: Unable to open a connection to the X server
[GFX1-]: glxtest: libEGL missing
1655688351509	Marionette	INFO	Marionette enabled
WebDriver BiDi listening on ws://localhost:42219
[GFX1-]: RenderCompositorSWGL failed mapping default framebuffer, no dt
console.warn: SearchSettings: "get: No settings file exists, new profile?" (new NotFoundError("Could not open the file at /tmp/rust_mozprofileZCPmVu/search.json.mozlz4", (void 0)))
Missing chrome or resource URL: resource://gre/modules/UpdateListener.jsm
1655688352795	Marionette	INFO	Listening on port 44379
Read port: 44379
1655688352886	RemoteAgent	WARN	TLS certificate errors will be ignored for this session
DevTools listening on ws://localhost:42219/devtools/browser/5380e18c-cfd4-4a8a-8871-a6ad63d769b0
console.warn: LoginRecipes: "getRecipes: falling back to a synchronous message for:" "https://learn.techwise.talentsprint.com"
console.warn: LoginRecipes: "getRecipes: falling back to a synchronous message for:" "https://learn.techwise.talentsprint.com"
JavaScript error: resource://gre/modules/LoginManagerParent.jsm, line 136: TypeError: gRecipeManager is null
JavaScript error: https://us06st2.zoom.us/static/6.1.7042/js/app/webclient/preview/media-previewer.min.js line 96 > srcScript, line 1: TypeError: 'camera' (value of 'name' member of PermissionDescriptor) is not a valid value for enumeration PermissionName.
JavaScript error: https://us06st2.zoom.us/static/6.1.7042/js/app/webclient/preview/media-previewer.min.js line 96 > srcScript, line 1: TypeError: 'microphone' (value of 'name' member of PermissionDescriptor) is not a valid value for enumeration PermissionName.
console.warn: LoginRecipes: "getRecipes: falling back to a synchronous message for:" "https://talentsprint.zoom.us"
JavaScript error: resource://gre/modules/LoginManagerParent.jsm, line 136: TypeError: gRecipeManager is null
1655690812461	geckodriver	INFO	Listening on 127.0.0.1:45997
1655690812465	mozrunner::runner	INFO	Running command: "/usr/bin/firefox" "--marionette" "--headless" "--remote-debugging-port" "55319" "--remote-allow-hosts" "localhost" "-no-remote" "-profile" "/tmp/rust_mozprofileZETjIP"
*** You are running in headless mode.
[GFX1-]: glxtest: Unable to open a connection to the X server
[GFX1-]: glxtest: libEGL missing
1655690812713	Marionette	INFO	Marionette enabled
WebDriver BiDi listening on ws://localhost:55319
[GFX1-]: RenderCompositorSWGL failed mapping default framebuffer, no dt
console.warn: SearchSettings: "get: No settings file exists, new profile?" (new NotFoundError("Could not open the file at /tmp/rust_mozprofileZETjIP/search.json.mozlz4", (void 0)))
Missing chrome or resource URL: resource://gre/modules/UpdateListener.jsm
1655690813943	Marionette	INFO	Listening on port 46859
Read port: 46859
DevTools listening on ws://localhost:55319/devtools/browser/62fd10d4-31a3-4def-8a5b-81da70953315
1655690813987	RemoteAgent	WARN	TLS certificate errors will be ignored for this session
console.warn: LoginRecipes: "getRecipes: falling back to a synchronous message for:" "https://learn.techwise.talentsprint.com"
console.warn: LoginRecipes: "getRecipes: falling back to a synchronous message for:" "https://learn.techwise.talentsprint.com"
JavaScript error: resource://gre/modules/LoginManagerParent.jsm, line 136: TypeError: gRecipeManager is null
JavaScript error: https://us06st2.zoom.us/static/6.1.7042/js/app/webclient/preview/media-previewer.min.js line 96 > srcScript, line 1: TypeError: 'camera' (value of 'name' member of PermissionDescriptor) is not a valid value for enumeration PermissionName.
JavaScript error: https://us06st2.zoom.us/static/6.1.7042/js/app/webclient/preview/media-previewer.min.js line 96 > srcScript, line 1: TypeError: 'microphone' (value of 'name' member of PermissionDescriptor) is not a valid value for enumeration PermissionName.
console.warn: LoginRecipes: "getRecipes: falling back to a synchronous message for:" "https://talentsprint.zoom.us"
JavaScript error: resource://gre/modules/LoginManagerParent.jsm, line 136: TypeError: gRecipeManager is null
1655691021640	geckodriver	INFO	Listening on 127.0.0.1:45531
1655691021643	mozrunner::runner	INFO	Running command: "/usr/bin/firefox" "--marionette" "--headless" "--remote-debugging-port" "44249" "--remote-allow-hosts" "localhost" "-no-remote" "-profile" "/tmp/rust_mozprofileToMsfc"
*** You are running in headless mode.
[GFX1-]: glxtest: Unable to open a connection to the X server
[GFX1-]: glxtest: libEGL missing
1655691021903	Marionette	INFO	Marionette enabled
WebDriver BiDi listening on ws://localhost:44249
[GFX1-]: RenderCompositorSWGL failed mapping default framebuffer, no dt
console.warn: SearchSettings: "get: No settings file exists, new profile?" (new NotFoundError("Could not open the file at /tmp/rust_mozprofileToMsfc/search.json.mozlz4", (void 0)))
Missing chrome or resource URL: resource://gre/modules/UpdateListener.jsm
1655691023326	Marionette	INFO	Listening on port 35673
Read port: 35673
1655691023365	RemoteAgent	WARN	TLS certificate errors will be ignored for this session
DevTools listening on ws://localhost:44249/devtools/browser/72dc3d24-f0ed-46f3-819c-db222caba18c
JavaScript error: https://st2.zoom.us/static/6.1.7042/js/app/webclient/preview/media-previewer.min.js line 96 > srcScript, line 1: TypeError: 'camera' (value of 'name' member of PermissionDescriptor) is not a valid value for enumeration PermissionName.
JavaScript error: https://st2.zoom.us/static/6.1.7042/js/app/webclient/preview/media-previewer.min.js line 96 > srcScript, line 1: TypeError: 'microphone' (value of 'name' member of PermissionDescriptor) is not a valid value for enumeration PermissionName.
1655691091855	geckodriver	INFO	Listening on 127.0.0.1:57067
1655691091859	mozrunner::runner	INFO	Running command: "/usr/bin/firefox" "--marionette" "--headless" "--remote-debugging-port" "43551" "--remote-allow-hosts" "localhost" "-no-remote" "-profile" "/tmp/rust_mozprofileU4yq5T"
*** You are running in headless mode.
[GFX1-]: glxtest: Unable to open a connection to the X server
[GFX1-]: glxtest: libEGL missing
1655691092103	Marionette	INFO	Marionette enabled
WebDriver BiDi listening on ws://localhost:43551
[GFX1-]: RenderCompositorSWGL failed mapping default framebuffer, no dt
console.warn: SearchSettings: "get: No settings file exists, new profile?" (new NotFoundError("Could not open the file at /tmp/rust_mozprofileU4yq5T/search.json.mozlz4", (void 0)))
Missing chrome or resource URL: resource://gre/modules/UpdateListener.jsm
1655691093302	Marionette	INFO	Listening on port 36665
DevTools listening on ws://localhost:43551/devtools/browser/ed597943-9d8e-4a5d-b5cb-1065ad4748df
Read port: 36665
1655691093375	RemoteAgent	WARN	TLS certificate errors will be ignored for this session
JavaScript error: https://st2.zoom.us/static/6.1.7042/js/app/webclient/preview/media-previewer.min.js line 96 > srcScript, line 1: TypeError: 'camera' (value of 'name' member of PermissionDescriptor) is not a valid value for enumeration PermissionName.
JavaScript error: https://st2.zoom.us/static/6.1.7042/js/app/webclient/preview/media-previewer.min.js line 96 > srcScript, line 1: TypeError: 'microphone' (value of 'name' member of PermissionDescriptor) is not a valid value for enumeration PermissionName.
1655691528414	geckodriver	INFO	Listening on 127.0.0.1:34419
1655691528417	mozrunner::runner	INFO	Running command: "/usr/bin/firefox" "--marionette" "--headless" "--remote-debugging-port" "42651" "--remote-allow-hosts" "localhost" "-no-remote" "-profile" "/tmp/rust_mozprofileK8sBTM"
*** You are running in headless mode.
[GFX1-]: glxtest: Unable to open a connection to the X server
[GFX1-]: glxtest: libEGL missing
1655691528677	Marionette	INFO	Marionette enabled
WebDriver BiDi listening on ws://localhost:42651
[GFX1-]: RenderCompositorSWGL failed mapping default framebuffer, no dt
console.warn: SearchSettings: "get: No settings file exists, new profile?" (new NotFoundError("Could not open the file at /tmp/rust_mozprofileK8sBTM/search.json.mozlz4", (void 0)))
Missing chrome or resource URL: resource://gre/modules/UpdateListener.jsm
1655691530212	Marionette	INFO	Listening on port 39499
Read port: 39499
1655691530242	RemoteAgent	WARN	TLS certificate errors will be ignored for this session
DevTools listening on ws://localhost:42651/devtools/browser/8fc90134-41b7-4021-9bd9-6369cdedad37
JavaScript error: https://st2.zoom.us/static/6.1.7042/js/app/webclient/preview/media-previewer.min.js, line 1: TypeError: 'camera' (value of 'name' member of PermissionDescriptor) is not a valid value for enumeration PermissionName.
JavaScript error: https://st2.zoom.us/static/6.1.7042/js/app/webclient/preview/media-previewer.min.js, line 1: TypeError: 'microphone' (value of 'name' member of PermissionDescriptor) is not a valid value for enumeration PermissionName.
JavaScript error: , line 0: NotAllowedError: The play method is not allowed by the user agent or the platform in the current context, possibly because the user denied permission.
1655691603118	geckodriver	INFO	Listening on 127.0.0.1:42281
1655691603122	mozrunner::runner	INFO	Running command: "/usr/bin/firefox" "--marionette" "--headless" "--remote-debugging-port" "55619" "--remote-allow-hosts" "localhost" "-no-remote" "-profile" "/tmp/rust_mozprofileZ20XII"
*** You are running in headless mode.
[GFX1-]: glxtest: Unable to open a connection to the X server
[GFX1-]: glxtest: libEGL missing
1655691603415	Marionette	INFO	Marionette enabled
WebDriver BiDi listening on ws://localhost:55619
[GFX1-]: RenderCompositorSWGL failed mapping default framebuffer, no dt
console.warn: SearchSettings: "get: No settings file exists, new profile?" (new NotFoundError("Could not open the file at /tmp/rust_mozprofileZ20XII/search.json.mozlz4", (void 0)))
Missing chrome or resource URL: resource://gre/modules/UpdateListener.jsm
1655691604810	Marionette	INFO	Listening on port 45497
Read port: 45497
1655691604914	RemoteAgent	WARN	TLS certificate errors will be ignored for this session
DevTools listening on ws://localhost:55619/devtools/browser/5f32a1f3-67c5-4103-adfe-c0eb4147f4f0
JavaScript error: https://st2.zoom.us/static/6.1.7042/js/app/webclient/preview/media-previewer.min.js line 96 > srcScript, line 1: TypeError: 'camera' (value of 'name' member of PermissionDescriptor) is not a valid value for enumeration PermissionName.
JavaScript error: https://st2.zoom.us/static/6.1.7042/js/app/webclient/preview/media-previewer.min.js line 96 > srcScript, line 1: TypeError: 'microphone' (value of 'name' member of PermissionDescriptor) is not a valid value for enumeration PermissionName.
JavaScript error: , line 0: NotAllowedError: The play method is not allowed by the user agent or the platform in the current context, possibly because the user denied permission.
JavaScript error: , line 0: NotAllowedError: The play method is not allowed by the user agent or the platform in the current context, possibly because the user denied permission.
1655691913741	geckodriver	INFO	Listening on 127.0.0.1:33639
1655691913744	mozrunner::runner	INFO	Running command: "/usr/bin/firefox" "--marionette" "--headless" "--remote-debugging-port" "37477" "--remote-allow-hosts" "localhost" "-no-remote" "-profile" "/tmp/rust_mozprofilesd2m3N"
*** You are running in headless mode.
[GFX1-]: glxtest: Unable to open a connection to the X server
[GFX1-]: glxtest: libEGL missing
1655691914045	Marionette	INFO	Marionette enabled
WebDriver BiDi listening on ws://localhost:37477
[GFX1-]: RenderCompositorSWGL failed mapping default framebuffer, no dt
console.warn: SearchSettings: "get: No settings file exists, new profile?" (new NotFoundError("Could not open the file at /tmp/rust_mozprofilesd2m3N/search.json.mozlz4", (void 0)))
Missing chrome or resource URL: resource://gre/modules/UpdateListener.jsm
1655691915748	Marionette	INFO	Listening on port 41419
DevTools listening on ws://localhost:37477/devtools/browser/6b902d4d-160c-4a3b-87ee-1026a6d5fef5
Read port: 41419
1655691915867	RemoteAgent	WARN	TLS certificate errors will be ignored for this session
JavaScript error: https://st2.zoom.us/static/6.1.7042/js/app/webclient/preview/media-previewer.min.js line 96 > srcScript, line 1: TypeError: 'camera' (value of 'name' member of PermissionDescriptor) is not a valid value for enumeration PermissionName.
JavaScript error: https://st2.zoom.us/static/6.1.7042/js/app/webclient/preview/media-previewer.min.js line 96 > srcScript, line 1: TypeError: 'microphone' (value of 'name' member of PermissionDescriptor) is not a valid value for enumeration PermissionName.
JavaScript error: , line 0: NotAllowedError: The play method is not allowed by the user agent or the platform in the current context, possibly because the user denied permission.
JavaScript error: , line 0: NotAllowedError: The play method is not allowed by the user agent or the platform in the current context, possibly because the user denied permission.
JavaScript error: , line 0: NotAllowedError: The play method is not allowed by the user agent or the platform in the current context, possibly because the user denied permission.
1655692312518	geckodriver	INFO	Listening on 127.0.0.1:39205
1655692312522	mozrunner::runner	INFO	Running command: "/usr/bin/firefox" "--marionette" "--headless" "--remote-debugging-port" "42315" "--remote-allow-hosts" "localhost" "-no-remote" "-profile" "/tmp/rust_mozprofileBpEc3k"
*** You are running in headless mode.
[GFX1-]: glxtest: Unable to open a connection to the X server
[GFX1-]: glxtest: libEGL missing
1655692312866	Marionette	INFO	Marionette enabled
WebDriver BiDi listening on ws://localhost:42315
[GFX1-]: RenderCompositorSWGL failed mapping default framebuffer, no dt
console.warn: SearchSettings: "get: No settings file exists, new profile?" (new NotFoundError("Could not open the file at /tmp/rust_mozprofileBpEc3k/search.json.mozlz4", (void 0)))
Missing chrome or resource URL: resource://gre/modules/UpdateListener.jsm
1655692314404	Marionette	INFO	Listening on port 34433
Read port: 34433
1655692314443	RemoteAgent	WARN	TLS certificate errors will be ignored for this session
DevTools listening on ws://localhost:42315/devtools/browser/a17cbc93-bb85-4a96-beac-783b58ba2aa7
JavaScript error: https://st2.zoom.us/static/6.1.7042/js/app/webclient/preview/media-previewer.min.js, line 1: TypeError: 'camera' (value of 'name' member of PermissionDescriptor) is not a valid value for enumeration PermissionName.
JavaScript error: https://st2.zoom.us/static/6.1.7042/js/app/webclient/preview/media-previewer.min.js, line 1: TypeError: 'microphone' (value of 'name' member of PermissionDescriptor) is not a valid value for enumeration PermissionName.
1655692363179	geckodriver	INFO	Listening on 127.0.0.1:38105
1655692363184	mozrunner::runner	INFO	Running command: "/usr/bin/firefox" "--marionette" "--headless" "--remote-debugging-port" "56827" "--remote-allow-hosts" "localhost" "-no-remote" "-profile" "/tmp/rust_mozprofilejkhg7D"
*** You are running in headless mode.
[GFX1-]: glxtest: Unable to open a connection to the X server
[GFX1-]: glxtest: libEGL missing
1655692363504	Marionette	INFO	Marionette enabled
WebDriver BiDi listening on ws://localhost:56827
[GFX1-]: RenderCompositorSWGL failed mapping default framebuffer, no dt
console.warn: SearchSettings: "get: No settings file exists, new profile?" (new NotFoundError("Could not open the file at /tmp/rust_mozprofilejkhg7D/search.json.mozlz4", (void 0)))
Missing chrome or resource URL: resource://gre/modules/UpdateListener.jsm
1655692365282	Marionette	INFO	Listening on port 41499
Read port: 41499
1655692365307	RemoteAgent	WARN	TLS certificate errors will be ignored for this session
DevTools listening on ws://localhost:56827/devtools/browser/4f8cd803-46d1-405e-ba49-de5aafa0e54e
JavaScript error: https://st2.zoom.us/static/6.1.7042/js/app/webclient/preview/media-previewer.min.js, line 1: TypeError: 'camera' (value of 'name' member of PermissionDescriptor) is not a valid value for enumeration PermissionName.
JavaScript error: https://st2.zoom.us/static/6.1.7042/js/app/webclient/preview/media-previewer.min.js, line 1: TypeError: 'microphone' (value of 'name' member of PermissionDescriptor) is not a valid value for enumeration PermissionName.
JavaScript error: , line 0: NotAllowedError: The play method is not allowed by the user agent or the platform in the current context, possibly because the user denied permission.
JavaScript error: , line 0: NotAllowedError: The play method is not allowed by the user agent or the platform in the current context, possibly because the user denied permission.
JavaScript error: , line 0: NotAllowedError: The play method is not allowed by the user agent or the platform in the current context, possibly because the user denied permission.
JavaScript error: , line 0: NotAllowedError: The play method is not allowed by the user agent or the platform in the current context, possibly because the user denied permission.
1655692416765	geckodriver	INFO	Listening on 127.0.0.1:46417
1655692416771	mozrunner::runner	INFO	Running command: "/usr/bin/firefox" "--marionette" "--headless" "--remote-debugging-port" "45725" "--remote-allow-hosts" "localhost" "-no-remote" "-profile" "/tmp/rust_mozprofileb32b3k"
*** You are running in headless mode.
[GFX1-]: glxtest: Unable to open a connection to the X server
[GFX1-]: glxtest: libEGL missing
1655692417094	Marionette	INFO	Marionette enabled
WebDriver BiDi listening on ws://localhost:45725
[GFX1-]: RenderCompositorSWGL failed mapping default framebuffer, no dt
console.warn: SearchSettings: "get: No settings file exists, new profile?" (new NotFoundError("Could not open the file at /tmp/rust_mozprofileb32b3k/search.json.mozlz4", (void 0)))
Missing chrome or resource URL: resource://gre/modules/UpdateListener.jsm
1655692418879	Marionette	INFO	Listening on port 45093
DevTools listening on ws://localhost:45725/devtools/browser/9642f204-5c1d-4852-b522-11682bf9f898
Read port: 45093
1655692418997	RemoteAgent	WARN	TLS certificate errors will be ignored for this session
JavaScript error: https://st2.zoom.us/static/6.1.7042/js/app/webclient/preview/media-previewer.min.js line 96 > srcScript, line 1: TypeError: 'camera' (value of 'name' member of PermissionDescriptor) is not a valid value for enumeration PermissionName.
JavaScript error: https://st2.zoom.us/static/6.1.7042/js/app/webclient/preview/media-previewer.min.js line 96 > srcScript, line 1: TypeError: 'microphone' (value of 'name' member of PermissionDescriptor) is not a valid value for enumeration PermissionName.
JavaScript error: , line 0: NotAllowedError: The play method is not allowed by the user agent or the platform in the current context, possibly because the user denied permission.
JavaScript error: , line 0: NotAllowedError: The play method is not allowed by the user agent or the platform in the current context, possibly because the user denied permission.
JavaScript error: , line 0: NotAllowedError: The play method is not allowed by the user agent or the platform in the current context, possibly because the user denied permission.
JavaScript error: , line 0: NotAllowedError: The play method is not allowed by the user agent or the platform in the current context, possibly because the user denied permission.
JavaScript error: , line 0: NotAllowedError: The play method is not allowed by the user agent or the platform in the current context, possibly because the user denied permission.
1655693867711	geckodriver	INFO	Listening on 127.0.0.1:46185
1655693867716	mozrunner::runner	INFO	Running command: "/usr/bin/firefox" "--marionette" "--headless" "--remote-debugging-port" "43379" "--remote-allow-hosts" "localhost" "-no-remote" "-profile" "/tmp/rust_mozprofilejFM0FT"
*** You are running in headless mode.
[GFX1-]: glxtest: Unable to open a connection to the X server
[GFX1-]: glxtest: libEGL missing
1655693868060	Marionette	INFO	Marionette enabled
WebDriver BiDi listening on ws://localhost:43379
[GFX1-]: RenderCompositorSWGL failed mapping default framebuffer, no dt
console.warn: SearchSettings: "get: No settings file exists, new profile?" (new NotFoundError("Could not open the file at /tmp/rust_mozprofilejFM0FT/search.json.mozlz4", (void 0)))
Missing chrome or resource URL: resource://gre/modules/UpdateListener.jsm
1655693870155	Marionette	INFO	Listening on port 45805
DevTools listening on ws://localhost:43379/devtools/browser/57c38fec-e40f-4144-9dd0-575be0e9135e
Read port: 45805
1655693870242	RemoteAgent	WARN	TLS certificate errors will be ignored for this session
JavaScript error: https://st2.zoom.us/static/6.1.7042/js/app/webclient/preview/media-previewer.min.js line 96 > srcScript, line 1: TypeError: 'camera' (value of 'name' member of PermissionDescriptor) is not a valid value for enumeration PermissionName.
JavaScript error: https://st2.zoom.us/static/6.1.7042/js/app/webclient/preview/media-previewer.min.js line 96 > srcScript, line 1: TypeError: 'microphone' (value of 'name' member of PermissionDescriptor) is not a valid value for enumeration PermissionName.
JavaScript error: , line 0: NotAllowedError: The play method is not allowed by the user agent or the platform in the current context, possibly because the user denied permission.
JavaScript error: , line 0: NotAllowedError: The play method is not allowed by the user agent or the platform in the current context, possibly because the user denied permission.
JavaScript error: , line 0: NotAllowedError: The play method is not allowed by the user agent or the platform in the current context, possibly because the user denied permission.
JavaScript error: , line 0: NotAllowedError: The play method is not allowed by the user agent or the platform in the current context, possibly because the user denied permission.
JavaScript error: , line 0: NotAllowedError: The play method is not allowed by the user agent or the platform in the current context, possibly because the user denied permission.
JavaScript error: , line 0: NotAllowedError: The play method is not allowed by the user agent or the platform in the current context, possibly because the user denied permission.
1655693937654	Marionette	INFO	Stopped listening on port 45805
Missing chrome or resource URL: resource://gre/modules/UpdateListener.jsm
console.error: "Error during quit-application-granted: [Exception... \"File error: Not found\"  nsresult: \"0x80520012 (NS_ERROR_FILE_NOT_FOUND)\"  location: \"JS frame :: resource:///modules/BrowserGlue.jsm :: _onQuitApplicationGranted/tasks< :: line 1969\"  data: no]"

###!!! [Parent][PBackgroundParent] Error: RunMessage(msgname=PBackgroundIDBDatabase::Msg_Close) Channel closing: too late to send/recv, messages will be lost


###!!! [Parent][PBackgroundParent] Error: RunMessage(msgname=PBackgroundIDBDatabase::Msg_Close) Channel closing: too late to send/recv, messages will be lost


###!!! [Parent][PBackgroundParent] Error: RunMessage(msgname=PBackgroundIDBDatabase::Msg_Close) Channel closing: too late to send/recv, messages will be lost


###!!! [Parent][PBackgroundParent] Error: RunMessage(msgname=PBackgroundIDBDatabase::Msg_Close) Channel closing: too late to send/recv, messages will be lost


###!!! [Parent][PBackgroundParent] Error: RunMessage(msgname=PBackgroundIDBDatabase::Msg_Close) Channel closing: too late to send/recv, messages will be lost


###!!! [Parent][PBackgroundParent] Error: RunMessage(msgname=PBackgroundIDBDatabase::Msg_Close) Channel closing: too late to send/recv, messages will be lost


###!!! [Parent][PContentParent] Error: Send(msgname=PContent::Msg_DestroyBrowsingContextGroup) Closed channel: cannot send/recv


###!!! [Child][PContentChild] Error: RunMessage(msgname=PContent::Reply_DiscardBrowsingContext) Channel closing: too late to send/recv, messages will be lost


###!!! [Child][PContentChild] Error: Send(msgname=PBrowser::Msg___delete__) Channel closing: too late to send/recv, messages will be lost


###!!! [Child][PContentChild] Error: RunMessage(msgname=PWebSocket::Msg___delete__) Channel closing: too late to send/recv, messages will be lost


###!!! [Child][PContentChild] Error: RunMessage(msgname=PWebSocket::Msg___delete__) Channel closing: too late to send/recv, messages will be lost


###!!! [Child][PContentChild] Error: Send(msgname=PContent::Msg_ScriptError) Channel closing: too late to send/recv, messages will be lost


###!!! [Child][PContentChild] Error: Send(msgname=PWebSocket::Msg_DeleteSelf) Channel closing: too late to send/recv, messages will be lost


###!!! [Child][PContentChild] Error: RunMessage(msgname=PWebSocket::Msg___delete__) Channel closing: too late to send/recv, messages will be lost


###!!! [Child][PContentChild] Error: RunMessage(msgname=PWebSocket::Msg___delete__) Channel closing: too late to send/recv, messages will be lost


###!!! [Child][PContentChild] Error: RunMessage(msgname=PWebSocket::Msg___delete__) Channel closing: too late to send/recv, messages will be lost


###!!! [Child][PContentChild] Error: RunMessage(msgname=PWebSocket::Msg___delete__) Channel closing: too late to send/recv, messages will be lost


###!!! [Parent][PImageBridgeParent] Error: RunMessage(msgname=PImageBridge::Msg_WillClose) Channel closing: too late to send/recv, messages will be lost

JavaScript error: , line 0: NotAllowedError: The play method is not allowed by the user agent or the platform in the current context, possibly because the user denied permission.
JavaScript error: , line 0: NotAllowedError: The play method is not allowed by the user agent or the platform in the current context, possibly because the user denied permission.
JavaScript error: , line 0: NotAllowedError: The play method is not allowed by the user agent or the platform in the current context, possibly because the user denied permission.
JavaScript error: , line 0: NotAllowedError: The play method is not allowed by the user agent or the platform in the current context, possibly because the user denied permission.
JavaScript error: , line 0: NotAllowedError: The play method is not allowed by the user agent or the platform in the current context, possibly because the user denied permission.
JavaScript error: , line 0: NotAllowedError: The play method is not allowed by the user agent or the platform in the current context, possibly because the user denied permission.
1655694125301	geckodriver	INFO	Listening on 127.0.0.1:60717
1655694125306	mozrunner::runner	INFO	Running command: "/usr/bin/firefox" "--marionette" "--headless" "--remote-debugging-port" "40345" "--remote-allow-hosts" "localhost" "-no-remote" "-profile" "/tmp/rust_mozprofilem9rEtt"
*** You are running in headless mode.
[GFX1-]: glxtest: Unable to open a connection to the X server
[GFX1-]: glxtest: libEGL missing
1655694125646	Marionette	INFO	Marionette enabled
WebDriver BiDi listening on ws://localhost:40345
[GFX1-]: RenderCompositorSWGL failed mapping default framebuffer, no dt
console.warn: SearchSettings: "get: No settings file exists, new profile?" (new NotFoundError("Could not open the file at /tmp/rust_mozprofilem9rEtt/search.json.mozlz4", (void 0)))
Missing chrome or resource URL: resource://gre/modules/UpdateListener.jsm
1655694127446	Marionette	INFO	Listening on port 38737
DevTools listening on ws://localhost:40345/devtools/browser/812757e2-709c-4adc-9cd6-61a082d7ed46
Read port: 38737
1655694127534	RemoteAgent	WARN	TLS certificate errors will be ignored for this session
JavaScript error: https://st2.zoom.us/static/6.1.7042/js/app/webclient/preview/media-previewer.min.js line 96 > srcScript, line 1: TypeError: 'camera' (value of 'name' member of PermissionDescriptor) is not a valid value for enumeration PermissionName.
JavaScript error: https://st2.zoom.us/static/6.1.7042/js/app/webclient/preview/media-previewer.min.js line 96 > srcScript, line 1: TypeError: 'microphone' (value of 'name' member of PermissionDescriptor) is not a valid value for enumeration PermissionName.
JavaScript error: , line 0: NotAllowedError: The play method is not allowed by the user agent or the platform in the current context, possibly because the user denied permission.
JavaScript error: , line 0: NotAllowedError: The play method is not allowed by the user agent or the platform in the current context, possibly because the user denied permission.
JavaScript error: , line 0: NotAllowedError: The play method is not allowed by the user agent or the platform in the current context, possibly because the user denied permission.
JavaScript error: , line 0: NotAllowedError: The play method is not allowed by the user agent or the platform in the current context, possibly because the user denied permission.
JavaScript error: , line 0: NotAllowedError: The play method is not allowed by the user agent or the platform in the current context, possibly because the user denied permission.
JavaScript error: , line 0: NotAllowedError: The play method is not allowed by the user agent or the platform in the current context, possibly because the user denied permission.
1655694194945	Marionette	INFO	Stopped listening on port 38737
Missing chrome or resource URL: resource://gre/modules/UpdateListener.jsm
console.error: "Error during quit-application-granted: [Exception... \"File error: Not found\"  nsresult: \"0x80520012 (NS_ERROR_FILE_NOT_FOUND)\"  location: \"JS frame :: resource:///modules/BrowserGlue.jsm :: _onQuitApplicationGranted/tasks< :: line 1969\"  data: no]"

###!!! [Parent][PBackgroundParent] Error: RunMessage(msgname=PBackgroundIDBDatabase::Msg_Close) Channel closing: too late to send/recv, messages will be lost


###!!! [Parent][PContentParent] Error: Send(msgname=PContent::Msg_DestroyBrowsingContextGroup) Closed channel: cannot send/recv


###!!! [Child][PContentChild] Error: Send(msgname=PContent::Msg_ScriptError) Channel closing: too late to send/recv, messages will be lost


###!!! [Child][PContentChild] Error: Send(msgname=PWebSocket::Msg_DeleteSelf) Channel closing: too late to send/recv, messages will be lost


###!!! [Child][PContentChild] Error: RunMessage(msgname=PContent::Reply_DiscardBrowsingContext) Channel closing: too late to send/recv, messages will be lost

JavaScript error: , line 0: NotAllowedError: The play method is not allowed by the user agent or the platform in the current context, possibly because the user denied permission.
JavaScript error: , line 0: NotAllowedError: The play method is not allowed by the user agent or the platform in the current context, possibly because the user denied permission.
JavaScript error: , line 0: NotAllowedError: The play method is not allowed by the user agent or the platform in the current context, possibly because the user denied permission.
JavaScript error: , line 0: NotAllowedError: The play method is not allowed by the user agent or the platform in the current context, possibly because the user denied permission.
JavaScript error: , line 0: NotAllowedError: The play method is not allowed by the user agent or the platform in the current context, possibly because the user denied permission.
JavaScript error: , line 0: NotAllowedError: The play method is not allowed by the user agent or the platform in the current context, possibly because the user denied permission.
